<?xml version="1.0" encoding="UTF-8"?>
<!-- Generated by org.testng.reporters.JUnitReportReporter -->
<testsuite hostname="LTIN433581" failures="0" tests="6" name="basesearch.Searchtravel" time="39.608" errors="0" timestamp="2023-10-25T11:48:41 IST" skipped="0">
  <testcase classname="basesearch.Searchtravel" name="accountcreation" time="6.928"/>
  <system-out/>
  <testcase classname="basesearch.Searchtravel" name="Login" time="5.204"/>
  <system-out/>
  <testcase classname="basesearch.Searchtravel" name="accessgetURL" time="11.951"/>
  <system-out/>
  <testcase classname="basesearch.Searchtravel" name="BasedLocation" time="14.006"/>
  <system-out/>
  <testcase classname="basesearch.Searchtravel" name="calculatingResultscreen" time="1.374"/>
  <system-out/>
  <testcase classname="basesearch.Searchtravel" name="ticketselection" time="0.145"/>
  <system-out/>
</testsuite> <!-- basesearch.Searchtravel -->
